Active-HDL 10.5a.12.6914 2021-02-07 22:46:47

Elaboration top modules:
VHDL Configuration            testbench_for_stopwatch


--------------------------------------------------------------------------------------------------
Entity       | Architecture    | Library   | Info | Compiler Version        | Compilation Options
--------------------------------------------------------------------------------------------------
Stopwatch_tb | TB_ARCHITECTURE | tutorvhdl |      | 10.5a.12.6914 (Windows) | -dbg
--------------------------------------------------------------------------------------------------

--------------------------------------------------------------------------------------------------
VHDL Configuration             | Library   | Info | Compiler Version        | Compilation Options
--------------------------------------------------------------------------------------------------
testbench_for_stopwatch        | tutorvhdl |      |                         | <unavailable>
--------------------------------------------------------------------------------------------------

--------------------------------------------------------------------------------------------------
VHDL Package                   | Library   | Info | Compiler Version        | Compilation Options
--------------------------------------------------------------------------------------------------
standard                       | std       |      |                         | <unavailable>
TEXTIO                         | std       |      |                         | <unavailable>
std_logic_1164                 | ieee      |      |                         | <unavailable>
std_logic_arith                | ieee      |      |                         | <unavailable>
STD_LOGIC_UNSIGNED             | ieee      |      |                         | <unavailable>
--------------------------------------------------------------------------------------------------

--------------------------------------------------------------------------------------------------
Library                        | Comment
--------------------------------------------------------------------------------------------------
ieee                           | Standard IEEE packages library
std                            | Standard VHDL library
tutorvhdl                      | None
--------------------------------------------------------------------------------------------------


Simulation Options: asim +access +r TESTBENCH_FOR_stopwatch


The performance of simulation is reduced. Version EDU Edition
